(t0): New task P1
(t0): P1 running
(t1): New task P4
(t1): P1 running
(t2): New task P2
(t2): P1 running
(t3): New task P3
(t3): P1 running
(t4): P1 running
(t5): Task P1 goes to sleep until (t8)
(t4): Context switch (P1)<->(P4)
(t5): P4 running
(t6): P4 running
(t7): P4 running
(t8): task P1 awake
(t8): P4 running
(t9): Task P4 goes to sleep until (t10)
(t8): Context switch (P4)<->(P3)
(t9): P3 running
(t10): Task P3 goes to sleep until (t15)
(t10): task P4 awake
(t9): Context switch (P3)<->(P4)
(t10): P4 running
(t11): P4 running
(t11): Context switch (P4)<->(P2)
(t12): P2 running
(t13): P2 running
(t14): P2 running
(t15): Task P2 goes to sleep until (t18)
(t15): task P3 awake
(t14): Context switch (P2)<->(P3)
(t15): P3 running
(t15): Context switch (P3)<->(P1)
(t16): P1 running
(t17): P1 running
(t18): task P2 awake
(t17): Context switch (P1)<->(P2)
(t18): P2 running
(t19): Task P2 goes to sleep until (t20)
(t18): Context switch (P2)<->(idle)
(t19): idle running
==================
P1	0	5	running
P1	5	8	I/O
P1	8	16	ready
P1	16	18	running
P2	2	12	ready
P2	12	15	running
P2	15	18	I/O
P2	18	19	running
P2	19	20	I/O
P3	3	9	ready
P3	9	10	running
P3	10	15	I/O
P3	15	16	running
P4	1	5	ready
P4	5	9	running
P4	9	10	I/O
P4	10	12	running
